<?xml version="1.0" encoding="UTF-8"?>
<!-- Generated by org.testng.reporters.JUnitReportReporter -->
<testsuite hostname="DESKTOP-440KVED" failures="0" tests="3" name="org.ng.Sample4" time="12.602" errors="0" timestamp="2024-03-24T20:43:15 IST" skipped="0">
  <testcase classname="org.ng.Sample4" name="testTitle" time="0.112"/>
  <system-out/>
  <testcase classname="org.ng.Sample4" name="testUrl" time="0.099"/>
  <system-out/>
  <testcase classname="org.ng.Sample4" name="testLink" time="12.391"/>
  <system-out/>
</testsuite> <!-- org.ng.Sample4 -->
